<?xml version="1.0" encoding="UTF-8"?>
<!-- Generated by org.testng.reporters.JUnitReportReporter -->
<testsuite hostname="DESKTOP-AOCFHRV" name="IBM.API_Assignment.apiTestCases" tests="2" failures="0" timestamp="1 Jul 2022 09:55:15 GMT" time="6.602" errors="0">
  <testcase name="loginuser" time="2.314" classname="IBM.API_Assignment.apiTestCases"/>
  <testcase name="getuser" time="4.288" classname="IBM.API_Assignment.apiTestCases"/>
</testsuite> <!-- IBM.API_Assignment.apiTestCases -->
